Nov-15 15:36:32.391 [main] DEBUG nextflow.cli.Launcher - $> nextflow -c nextflow.config run minimum.nf --outdir ./output --fq_path /this/path
Nov-15 15:36:32.632 [main] INFO  nextflow.cli.CmdRun - N E X T F L O W  ~  version 21.04.3
Nov-15 15:36:32.673 [main] INFO  nextflow.cli.CmdRun - Launching `minimum.nf` [crazy_curie] - revision: ca57557e2c
Nov-15 15:36:32.714 [main] DEBUG nextflow.config.ConfigBuilder - Found config local: /home/guglib/bitbucket/nf_dsl2_testing/bare_minimum/nextflow.config
Nov-15 15:36:32.717 [main] DEBUG nextflow.config.ConfigBuilder - User config file: /home/guglib/bitbucket/nf_dsl2_testing/bare_minimum/nextflow.config
Nov-15 15:36:32.718 [main] DEBUG nextflow.config.ConfigBuilder - Parsing config file: /home/guglib/bitbucket/nf_dsl2_testing/bare_minimum/nextflow.config
Nov-15 15:36:32.718 [main] DEBUG nextflow.config.ConfigBuilder - Parsing config file: /home/guglib/bitbucket/nf_dsl2_testing/bare_minimum/nextflow.config
Nov-15 15:36:32.778 [main] DEBUG nextflow.config.ConfigBuilder - Applying config profile: `standard`
Nov-15 15:36:34.398 [main] DEBUG nextflow.config.ConfigBuilder - Applying config profile: `standard`
Nov-15 15:36:34.469 [main] DEBUG nextflow.plugin.PluginsFacade - Setting up plugin manager > mode=prod; plugins-dir=/home/guglib/.nextflow/plugins
Nov-15 15:36:34.470 [main] DEBUG nextflow.plugin.PluginsFacade - Plugins default=[]
Nov-15 15:36:34.472 [main] DEBUG nextflow.plugin.PluginsFacade - Plugins local root: .nextflow/plr/empty
Nov-15 15:36:34.494 [main] INFO  org.pf4j.DefaultPluginStatusProvider - Enabled plugins: []
Nov-15 15:36:34.495 [main] INFO  org.pf4j.DefaultPluginStatusProvider - Disabled plugins: []
Nov-15 15:36:34.498 [main] INFO  org.pf4j.DefaultPluginManager - PF4J version 3.4.1 in 'deployment' mode
Nov-15 15:36:34.522 [main] INFO  org.pf4j.AbstractPluginManager - No plugins
Nov-15 15:36:34.606 [main] DEBUG nextflow.Session - Session uuid: d8326c23-ecbf-4275-9439-f50acf7327ae
Nov-15 15:36:34.606 [main] DEBUG nextflow.Session - Run name: crazy_curie
Nov-15 15:36:34.607 [main] DEBUG nextflow.Session - Executor pool size: 2
Nov-15 15:36:34.636 [main] DEBUG nextflow.cli.CmdRun - 
  Version: 21.04.3 build 5560
  Created: 21-07-2021 15:09 UTC (11:09 EDT)
  System: Linux 3.10.0-1062.1.2.el7.x86_64
  Runtime: Groovy 3.0.7 on OpenJDK 64-Bit Server VM 1.8.0_222-b10
  Encoding: UTF-8 (UTF-8)
  Process: 12667@sumner071 [10.5.32.71]
  CPUs: 1 - Mem: 754.6 GB (193.6 GB) - Swap: 63.9 GB (62.5 GB)
Nov-15 15:36:34.695 [main] DEBUG nextflow.Session - Work-dir: /home/guglib/bitbucket/nf_dsl2_testing/bare_minimum/work [nfs]
Nov-15 15:36:34.695 [main] DEBUG nextflow.Session - Script base path does not exist or is not a directory: /home/guglib/bitbucket/nf_dsl2_testing/bare_minimum/bin
Nov-15 15:36:34.707 [main] DEBUG nextflow.executor.ExecutorFactory - Extension executors providers=[]
Nov-15 15:36:34.732 [main] DEBUG nextflow.Session - Observer factory: DefaultObserverFactory
Nov-15 15:36:34.997 [main] DEBUG nextflow.Session - Session start invoked
Nov-15 15:36:35.359 [main] DEBUG nextflow.script.ScriptRunner - > Launching execution
Nov-15 15:36:35.410 [main] DEBUG nextflow.Session - Workflow process names [dsl1]: bar, foo
Nov-15 15:36:35.440 [main] INFO  nextflow.script.BaseScript - /this/path
Nov-15 15:36:35.441 [main] INFO  nextflow.script.BaseScript - /this/path
Nov-15 15:36:35.457 [main] INFO  nextflow.script.BaseScript - success
Nov-15 15:36:35.538 [main] DEBUG nextflow.script.ProcessConfig - Config settings `withName:foo` matches process foo
Nov-15 15:36:35.542 [main] DEBUG nextflow.executor.ExecutorFactory - << taskConfig executor: slurm
Nov-15 15:36:35.542 [main] DEBUG nextflow.executor.ExecutorFactory - >> processorType: 'slurm'
Nov-15 15:36:35.559 [main] DEBUG nextflow.executor.Executor - [warm up] executor > slurm
Nov-15 15:36:35.564 [main] DEBUG n.processor.TaskPollingMonitor - Creating task monitor for executor 'slurm' > capacity: 100; pollInterval: 5s; dumpInterval: 5m 
Nov-15 15:36:35.593 [main] DEBUG n.executor.AbstractGridExecutor - Creating executor 'slurm' > queue-stat-interval: 1m
Nov-15 15:36:35.961 [main] INFO  nextflow.script.BaseScript - or so we think
Nov-15 15:36:35.963 [main] DEBUG nextflow.script.ProcessConfig - Config settings `withName:bar` matches process bar
Nov-15 15:36:35.964 [main] DEBUG nextflow.executor.ExecutorFactory - << taskConfig executor: slurm
Nov-15 15:36:35.965 [main] DEBUG nextflow.executor.ExecutorFactory - >> processorType: 'slurm'
Nov-15 15:36:35.978 [main] DEBUG nextflow.script.ScriptRunner - > Await termination 
Nov-15 15:36:35.978 [main] DEBUG nextflow.Session - Session await
Nov-15 15:36:36.177 [Actor Thread 8] INFO  nextflow.container.SingularityCache - Pulling Singularity image docker://quay.io/biocontainers/fastqc:0.11.9--hdfd78af_1 [cache /home/guglib/bitbucket/nf_dsl2_testing/bare_minimum/cache/quay.io-biocontainers-fastqc-0.11.9--hdfd78af_1.img]
Nov-15 15:36:36.178 [Actor Thread 7] INFO  nextflow.container.SingularityCache - Pulling Singularity image docker://quay.io/biocontainers/trimmomatic:0.32--hdfd78af_4 [cache /home/guglib/bitbucket/nf_dsl2_testing/bare_minimum/cache/quay.io-biocontainers-trimmomatic-0.32--hdfd78af_4.img]
Nov-15 15:36:37.377 [Actor Thread 7] DEBUG nextflow.container.SingularityCache - Singularity pull complete image=docker://quay.io/biocontainers/trimmomatic:0.32--hdfd78af_4 path=/home/guglib/bitbucket/nf_dsl2_testing/bare_minimum/cache/quay.io-biocontainers-trimmomatic-0.32--hdfd78af_4.img
Nov-15 15:36:37.572 [Actor Thread 8] DEBUG nextflow.container.SingularityCache - Singularity pull complete image=docker://quay.io/biocontainers/fastqc:0.11.9--hdfd78af_1 path=/home/guglib/bitbucket/nf_dsl2_testing/bare_minimum/cache/quay.io-biocontainers-fastqc-0.11.9--hdfd78af_1.img
Nov-15 15:36:37.651 [Task submitter] DEBUG nextflow.executor.GridTaskHandler - [SLURM] submitted process bar > jobId: 11709704; workDir: /home/guglib/bitbucket/nf_dsl2_testing/bare_minimum/work/ca/3c6a5d54dfae9397cf910cb02cea37
Nov-15 15:36:37.654 [Task submitter] INFO  nextflow.Session - [ca/3c6a5d] Submitted process > bar
Nov-15 15:36:37.727 [Task submitter] DEBUG nextflow.executor.GridTaskHandler - [SLURM] submitted process foo > jobId: 11709705; workDir: /home/guglib/bitbucket/nf_dsl2_testing/bare_minimum/work/99/26ccac7c2d1c25dbdff58133d3d536
Nov-15 15:36:37.727 [Task submitter] INFO  nextflow.Session - [99/26ccac] Submitted process > foo
Nov-15 15:36:40.639 [Task monitor] DEBUG n.processor.TaskPollingMonitor - Task completed > TaskHandler[jobId: 11709704; id: 2; name: bar; status: COMPLETED; exit: 0; error: -; workDir: /home/guglib/bitbucket/nf_dsl2_testing/bare_minimum/work/ca/3c6a5d54dfae9397cf910cb02cea37 started: 1637008600607; exited: 2021-11-15T20:36:38.763688Z; ]
Nov-15 15:36:40.729 [Task monitor] DEBUG n.processor.TaskPollingMonitor - Task completed > TaskHandler[jobId: 11709705; id: 1; name: foo; status: COMPLETED; exit: 0; error: -; workDir: /home/guglib/bitbucket/nf_dsl2_testing/bare_minimum/work/99/26ccac7c2d1c25dbdff58133d3d536 started: 1637008600706; exited: 2021-11-15T20:36:38.965202Z; ]
Nov-15 15:36:40.735 [main] DEBUG nextflow.Session - Session await > all process finished
Nov-15 15:36:40.741 [main] DEBUG nextflow.Session - Session await > all barriers passed
Nov-15 15:36:40.749 [main] DEBUG nextflow.trace.WorkflowStatsObserver - Workflow completed > WorkflowStats[succeededCount=2; failedCount=0; ignoredCount=0; cachedCount=0; pendingCount=0; submittedCount=0; runningCount=0; retriesCount=0; abortedCount=0; succeedDuration=55ms; failedDuration=0ms; cachedDuration=0ms;loadCpus=0; loadMemory=0; peakRunning=1; peakCpus=1; peakMemory=0; ]
Nov-15 15:36:40.982 [main] DEBUG nextflow.CacheDB - Closing CacheDB done
Nov-15 15:36:41.002 [main] DEBUG nextflow.script.ScriptRunner - > Execution complete -- Goodbye
