/usr/local/bin/trimmomatic: line 6: warning: setlocale: LC_ALL: cannot change locale (en_US.UTF-8): No such file or directory
TrimmomaticPE: Started with arguments:
 /projects/compsci/guglib/rnaseqs/PE/short/SRR1641108.1_R1.fastq /projects/compsci/guglib/rnaseqs/PE/short/SRR1641108.1_R2.fastq SRR1641108.1_R1_paired.fastq SRR1641108.1_R1_unpaired.fastq SRR1641108.1_R2_paired.fastq SRR1641108.1_R2_unpaired.fastq LEADING:3 TRAILING:3 MINLEN:36
Quality encoding detected as phred33
Input Read Pairs: 100000 Both Surviving: 95483 (95.48%) Forward Only Surviving: 4155 (4.16%) Reverse Only Surviving: 279 (0.28%) Dropped: 83 (0.08%)
TrimmomaticPE: Completed successfully
-------------------------------------------------------------
SUMNER/WINTER EPILOGUE
-------------------------------------------------------------
Job ID: 11800781
Cluster: slurm_cluster
User/Group: root/jaxuser
State: COMPLETED (exit code 0)
Cores: 1
CPU Utilized: 00:00:02
CPU Efficiency: 100.00% of 00:00:02 core-walltime
Job Wall-clock time: 00:00:02
Memory Utilized: 1.62 MB
Memory Efficiency: 0.16% of 1.00 GB
-------------------------------------------------------------
       JobID  User   State    CPUTime Exit     MaxRSS        NodeList  Partition                   ReqTRES              Submit               Start                 End    Elapsed 
------------ ----- ------- ---------- ---- ---------- --------------- ---------- ------------------------- ------------------- ------------------- ------------------- ---------- 
11800781     gugl+ COMPLE+   00:00:02  0:0                  sumner058    compute billing=1,cpu=1,mem=1024+ 2021-11-22T22:00:31 2021-11-22T22:01:05 2021-11-22T22:01:07   00:00:02 
11800781.ba+       COMPLE+   00:00:02  0:0      1.62M       sumner058                                      2021-11-22T22:01:05 2021-11-22T22:01:05 2021-11-22T22:01:07   00:00:02 
11800781.ex+       COMPLE+   00:00:02  0:0      1.58M       sumner058                                      2021-11-22T22:01:05 2021-11-22T22:01:05 2021-11-22T22:01:07   00:00:02 
-------------------------------------------------------------
