Nov-22 22:00:28.981 [main] DEBUG nextflow.cli.Launcher - $> nextflow main.nf
Nov-22 22:00:29.136 [main] INFO  nextflow.cli.CmdRun - N E X T F L O W  ~  version 21.04.3
Nov-22 22:00:29.163 [main] INFO  nextflow.cli.CmdRun - Launching `main.nf` [goofy_ekeblad] - revision: 9f0cfa1bc1
Nov-22 22:00:29.175 [main] DEBUG nextflow.config.ConfigBuilder - Found config local: /home/guglib/bitbucket/nf/toy_example/nextflow.config
Nov-22 22:00:29.176 [main] DEBUG nextflow.config.ConfigBuilder - Parsing config file: /home/guglib/bitbucket/nf/toy_example/nextflow.config
Nov-22 22:00:29.207 [main] DEBUG nextflow.config.ConfigBuilder - Applying config profile: `standard`
Nov-22 22:00:30.033 [main] DEBUG nextflow.plugin.PluginsFacade - Setting up plugin manager > mode=prod; plugins-dir=/home/guglib/.nextflow/plugins
Nov-22 22:00:30.035 [main] DEBUG nextflow.plugin.PluginsFacade - Plugins default=[]
Nov-22 22:00:30.036 [main] DEBUG nextflow.plugin.PluginsFacade - Plugins local root: .nextflow/plr/empty
Nov-22 22:00:30.045 [main] INFO  org.pf4j.DefaultPluginStatusProvider - Enabled plugins: []
Nov-22 22:00:30.046 [main] INFO  org.pf4j.DefaultPluginStatusProvider - Disabled plugins: []
Nov-22 22:00:30.049 [main] INFO  org.pf4j.DefaultPluginManager - PF4J version 3.4.1 in 'deployment' mode
Nov-22 22:00:30.056 [main] INFO  org.pf4j.AbstractPluginManager - No plugins
Nov-22 22:00:30.100 [main] DEBUG nextflow.Session - Session uuid: e1d6e195-3c87-474e-9c9d-3c8c40006848
Nov-22 22:00:30.101 [main] DEBUG nextflow.Session - Run name: goofy_ekeblad
Nov-22 22:00:30.101 [main] DEBUG nextflow.Session - Executor pool size: 2
Nov-22 22:00:30.114 [main] DEBUG nextflow.cli.CmdRun - 
  Version: 21.04.3 build 5560
  Created: 21-07-2021 15:09 UTC (11:09 EDT)
  System: Linux 3.10.0-1062.1.2.el7.x86_64
  Runtime: Groovy 3.0.7 on OpenJDK 64-Bit Server VM 1.8.0_222-b10
  Encoding: UTF-8 (UTF-8)
  Process: 84959@sumner101 [10.5.34.101]
  CPUs: 1 - Mem: 754.6 GB (83.9 GB) - Swap: 63.9 GB (62.7 GB)
Nov-22 22:00:30.141 [main] DEBUG nextflow.Session - Work-dir: /home/guglib/bitbucket/nf/toy_example/work [nfs]
Nov-22 22:00:30.141 [main] DEBUG nextflow.Session - Script base path does not exist or is not a directory: /home/guglib/bitbucket/nf/toy_example/bin
Nov-22 22:00:30.151 [main] DEBUG nextflow.executor.ExecutorFactory - Extension executors providers=[]
Nov-22 22:00:30.159 [main] DEBUG nextflow.Session - Observer factory: DefaultObserverFactory
Nov-22 22:00:30.343 [main] DEBUG nextflow.Session - Session start invoked
Nov-22 22:00:30.752 [main] DEBUG nextflow.script.ScriptRunner - > Launching execution
Nov-22 22:00:30.764 [main] INFO  nextflow.Nextflow -  TOY EXAMPLE   P I P E L I N E
 ===================================
 fq_path        : /projects/compsci/guglib/rnaseqs/PE/short
 outdir         : /projects/compsci/guglib/toy-example
 
Nov-22 22:00:30.956 [main] DEBUG nextflow.Session - Workflow process names [dsl2]: trim, quant
Nov-22 22:00:31.029 [main] DEBUG nextflow.script.ProcessConfig - Config settings `withName:trim` matches process trim
Nov-22 22:00:31.035 [main] DEBUG nextflow.executor.ExecutorFactory - << taskConfig executor: slurm
Nov-22 22:00:31.035 [main] DEBUG nextflow.executor.ExecutorFactory - >> processorType: 'slurm'
Nov-22 22:00:31.043 [main] DEBUG nextflow.executor.Executor - [warm up] executor > slurm
Nov-22 22:00:31.048 [main] DEBUG n.processor.TaskPollingMonitor - Creating task monitor for executor 'slurm' > capacity: 100; pollInterval: 5s; dumpInterval: 5m 
Nov-22 22:00:31.052 [main] DEBUG n.executor.AbstractGridExecutor - Creating executor 'slurm' > queue-stat-interval: 1m
Nov-22 22:00:31.126 [main] DEBUG nextflow.script.ProcessConfig - Config settings `withName:quant` matches process quant
Nov-22 22:00:31.127 [main] DEBUG nextflow.executor.ExecutorFactory - << taskConfig executor: slurm
Nov-22 22:00:31.127 [main] DEBUG nextflow.executor.ExecutorFactory - >> processorType: 'slurm'
Nov-22 22:00:31.131 [main] DEBUG nextflow.Session - Ignite dataflow network (3)
Nov-22 22:00:31.136 [main] DEBUG nextflow.processor.TaskProcessor - Starting process > trim
Nov-22 22:00:31.137 [main] DEBUG nextflow.processor.TaskProcessor - Starting process > quant
Nov-22 22:00:31.139 [PathVisitor-1] DEBUG nextflow.file.PathVisitor - files for syntax: glob; folder: /projects/compsci/guglib/rnaseqs/PE/short/; pattern: *_R{1,2}.fastq; options: [:]
Nov-22 22:00:31.142 [main] DEBUG nextflow.script.ScriptRunner - > Await termination 
Nov-22 22:00:31.142 [main] DEBUG nextflow.Session - Session await
Nov-22 22:00:31.266 [Actor Thread 5] DEBUG nextflow.container.SingularityCache - Singularity found local store for image=docker://quay.io/biocontainers/trimmomatic:0.35--6; path=/home/guglib/cache/quay.io-biocontainers-trimmomatic-0.35--6.img
Nov-22 22:00:31.423 [Task submitter] DEBUG nextflow.executor.GridTaskHandler - [SLURM] submitted process trim (1) > jobId: 11800781; workDir: /home/guglib/bitbucket/nf/toy_example/work/1c/663aa601baf3f833aa87007487864b
Nov-22 22:00:31.425 [Task submitter] INFO  nextflow.Session - [1c/663aa6] Submitted process > trim (1)
Nov-22 22:00:31.466 [Task submitter] DEBUG nextflow.executor.GridTaskHandler - [SLURM] submitted process trim (2) > jobId: 11800782; workDir: /home/guglib/bitbucket/nf/toy_example/work/61/67fe3944ade2cf4b3f6eb19a26671f
Nov-22 22:00:31.466 [Task submitter] INFO  nextflow.Session - [61/67fe39] Submitted process > trim (2)
Nov-22 22:01:11.066 [Task monitor] DEBUG n.processor.TaskPollingMonitor - Task completed > TaskHandler[jobId: 11800782; id: 2; name: trim (2); status: COMPLETED; exit: 0; error: -; workDir: /home/guglib/bitbucket/nf/toy_example/work/61/67fe3944ade2cf4b3f6eb19a26671f started: 1637636466080; exited: 2021-11-23T03:01:07.556024Z; ]
Nov-22 22:01:11.121 [Actor Thread 1] DEBUG nextflow.container.SingularityCache - Singularity found local store for image=docker://quay.io/biocontainers/rsem:1.3.3--pl5262h3198e80_2; path=/home/guglib/cache/quay.io-biocontainers-rsem-1.3.3--pl5262h3198e80_2.img
Nov-22 22:01:11.248 [Task submitter] DEBUG nextflow.executor.GridTaskHandler - [SLURM] submitted process quant (1) > jobId: 11800786; workDir: /home/guglib/bitbucket/nf/toy_example/work/9b/77e2141ed17c71c513731fa264e4d7
Nov-22 22:01:11.248 [Task submitter] INFO  nextflow.Session - [9b/77e214] Submitted process > quant (1)
Nov-22 22:01:41.069 [Task monitor] DEBUG n.processor.TaskPollingMonitor - Task completed > TaskHandler[jobId: 11800781; id: 1; name: trim (1); status: COMPLETED; exit: 0; error: -; workDir: /home/guglib/bitbucket/nf/toy_example/work/1c/663aa601baf3f833aa87007487864b started: 1637636466067; exited: 2021-11-23T03:01:07.806474Z; ]
Nov-22 22:01:41.165 [Task submitter] DEBUG nextflow.executor.GridTaskHandler - [SLURM] submitted process quant (2) > jobId: 11800787; workDir: /home/guglib/bitbucket/nf/toy_example/work/1d/db1c1c8374dcbf219965d22e3aea3e
Nov-22 22:01:41.165 [Task submitter] INFO  nextflow.Session - [1d/db1c1c] Submitted process > quant (2)
Nov-22 22:02:11.066 [Task monitor] DEBUG n.processor.TaskPollingMonitor - Task completed > TaskHandler[jobId: 11800787; id: 4; name: quant (2); status: COMPLETED; exit: 0; error: -; workDir: /home/guglib/bitbucket/nf/toy_example/work/1d/db1c1c8374dcbf219965d22e3aea3e started: 1637636526064; exited: 2021-11-23T03:02:06.07323Z; ]
Nov-22 22:02:46.075 [Task monitor] DEBUG n.processor.TaskPollingMonitor - Task completed > TaskHandler[jobId: 11800786; id: 3; name: quant (1); status: COMPLETED; exit: 0; error: -; workDir: /home/guglib/bitbucket/nf/toy_example/work/9b/77e2141ed17c71c513731fa264e4d7 started: 1637636566068; exited: 2021-11-23T03:02:06.039424Z; ]
Nov-22 22:02:46.095 [main] DEBUG nextflow.Session - Session await > all process finished
Nov-22 22:02:46.102 [main] DEBUG nextflow.Session - Session await > all barriers passed
Nov-22 22:02:46.105 [main] INFO  nextflow.Nextflow - 
Done! Output in : /projects/compsci/guglib/toy-example

Nov-22 22:02:46.118 [main] DEBUG nextflow.trace.WorkflowStatsObserver - Workflow completed > WorkflowStats[succeededCount=4; failedCount=0; ignoredCount=0; cachedCount=0; pendingCount=0; submittedCount=0; runningCount=0; retriesCount=0; abortedCount=0; succeedDuration=45s; failedDuration=0ms; cachedDuration=0ms;loadCpus=0; loadMemory=0; peakRunning=2; peakCpus=2; peakMemory=0; ]
Nov-22 22:02:46.359 [main] DEBUG nextflow.CacheDB - Closing CacheDB done
Nov-22 22:02:46.393 [main] DEBUG nextflow.script.ScriptRunner - > Execution complete -- Goodbye
