-------------------------------------------------------------
SUMNER/WINTER EPILOGUE
-------------------------------------------------------------
Job ID: 11800787
Cluster: slurm_cluster
User/Group: root/jaxuser
State: COMPLETED (exit code 0)
Cores: 1
CPU Utilized: 00:00:00
CPU Efficiency: 0.00% of 00:00:01 core-walltime
Job Wall-clock time: 00:00:01
Memory Utilized: 1.62 MB
Memory Efficiency: 0.16% of 1.00 GB
-------------------------------------------------------------
       JobID  User   State    CPUTime Exit     MaxRSS        NodeList  Partition                   ReqTRES              Submit               Start                 End    Elapsed 
------------ ----- ------- ---------- ---- ---------- --------------- ---------- ------------------------- ------------------- ------------------- ------------------- ---------- 
11800787     gugl+ COMPLE+   00:00:01  0:0                  sumner101    compute billing=1,cpu=1,mem=1024+ 2021-11-22T22:01:41 2021-11-22T22:02:05 2021-11-22T22:02:06   00:00:01 
11800787.ba+       COMPLE+   00:00:01  0:0      1.62M       sumner101                                      2021-11-22T22:02:05 2021-11-22T22:02:05 2021-11-22T22:02:06   00:00:01 
11800787.ex+       COMPLE+   00:00:01  0:0      1.58M       sumner101                                      2021-11-22T22:02:05 2021-11-22T22:02:05 2021-11-22T22:02:06   00:00:01 
-------------------------------------------------------------
