Nov-15 13:38:17.456 [main] DEBUG nextflow.cli.Launcher - $> nextflow run RNASeq.nf --my_var ASDF
Nov-15 13:38:17.885 [main] INFO  nextflow.cli.CmdRun - N E X T F L O W  ~  version 21.04.3
Nov-15 13:38:17.954 [main] INFO  nextflow.cli.CmdRun - Launching `RNASeq.nf` [nasty_perlman] - revision: a32e581124
Nov-15 13:38:18.008 [main] DEBUG nextflow.config.ConfigBuilder - Found config local: /home/guglib/bitbucket/nf_dsl2_testing/rnaseq/nextflow.config
Nov-15 13:38:18.009 [main] DEBUG nextflow.config.ConfigBuilder - Parsing config file: /home/guglib/bitbucket/nf_dsl2_testing/rnaseq/nextflow.config
Nov-15 13:38:18.108 [main] DEBUG nextflow.config.ConfigBuilder - Applying config profile: `standard`
Nov-15 13:38:20.248 [main] DEBUG nextflow.plugin.PluginsFacade - Setting up plugin manager > mode=prod; plugins-dir=/home/guglib/.nextflow/plugins
Nov-15 13:38:20.260 [main] DEBUG nextflow.plugin.PluginsFacade - Plugins default=[]
Nov-15 13:38:20.263 [main] DEBUG nextflow.plugin.PluginsFacade - Plugins local root: .nextflow/plr/empty
Nov-15 13:38:20.276 [main] INFO  org.pf4j.DefaultPluginStatusProvider - Enabled plugins: []
Nov-15 13:38:20.291 [main] INFO  org.pf4j.DefaultPluginStatusProvider - Disabled plugins: []
Nov-15 13:38:20.296 [main] INFO  org.pf4j.DefaultPluginManager - PF4J version 3.4.1 in 'deployment' mode
Nov-15 13:38:20.322 [main] INFO  org.pf4j.AbstractPluginManager - No plugins
Nov-15 13:38:20.456 [main] DEBUG nextflow.Session - Session uuid: 5943b332-e1b5-43f1-9cc4-821c7ed06b74
Nov-15 13:38:20.456 [main] DEBUG nextflow.Session - Run name: nasty_perlman
Nov-15 13:38:20.457 [main] DEBUG nextflow.Session - Executor pool size: 2
Nov-15 13:38:20.507 [main] DEBUG nextflow.cli.CmdRun - 
  Version: 21.04.3 build 5560
  Created: 21-07-2021 15:09 UTC (11:09 EDT)
  System: Linux 3.10.0-1062.1.2.el7.x86_64
  Runtime: Groovy 3.0.7 on OpenJDK 64-Bit Server VM 1.8.0_222-b10
  Encoding: UTF-8 (UTF-8)
  Process: 273649@sumner020 [10.5.36.20]
  CPUs: 1 - Mem: 754.6 GB (293.5 GB) - Swap: 63.9 GB (63.9 GB)
Nov-15 13:38:20.567 [main] DEBUG nextflow.Session - Work-dir: /home/guglib/bitbucket/nf_dsl2_testing/rnaseq/work [nfs]
Nov-15 13:38:20.567 [main] DEBUG nextflow.Session - Script base path does not exist or is not a directory: /home/guglib/bitbucket/nf_dsl2_testing/rnaseq/bin
Nov-15 13:38:20.587 [main] DEBUG nextflow.executor.ExecutorFactory - Extension executors providers=[]
Nov-15 13:38:20.632 [main] DEBUG nextflow.Session - Observer factory: DefaultObserverFactory
Nov-15 13:38:20.979 [main] DEBUG nextflow.Session - Session start invoked
Nov-15 13:38:21.494 [main] DEBUG nextflow.script.ScriptRunner - > Launching execution
Nov-15 13:38:21.570 [main] DEBUG nextflow.Session - Workflow process names [dsl1]: 
Nov-15 13:38:21.574 [main] INFO  nextflow.script.BaseScript - Hello, World!
Nov-15 13:38:21.575 [main] INFO  nextflow.script.BaseScript - ASDF
Nov-15 13:38:21.580 [main] DEBUG nextflow.script.ScriptRunner - > Await termination 
Nov-15 13:38:21.580 [main] DEBUG nextflow.Session - Session await
Nov-15 13:38:21.580 [main] DEBUG nextflow.Session - Session await > all process finished
Nov-15 13:38:21.580 [main] DEBUG nextflow.Session - Session await > all barriers passed
Nov-15 13:38:21.610 [main] DEBUG nextflow.trace.WorkflowStatsObserver - Workflow completed > WorkflowStats[succeededCount=0; failedCount=0; ignoredCount=0; cachedCount=0; pendingCount=0; submittedCount=0; runningCount=0; retriesCount=0; abortedCount=0; succeedDuration=0ms; failedDuration=0ms; cachedDuration=0ms;loadCpus=0; loadMemory=0; peakRunning=0; peakCpus=0; peakMemory=0; ]
Nov-15 13:38:21.674 [main] DEBUG nextflow.CacheDB - Closing CacheDB done
Nov-15 13:38:21.742 [main] DEBUG nextflow.script.ScriptRunner - > Execution complete -- Goodbye
