hello
-------------------------------------------------------------
SUMNER/WINTER EPILOGUE
-------------------------------------------------------------
Job ID: 11709517
Cluster: slurm_cluster
User/Group: root/root
State: COMPLETED (exit code 0)
Cores: 1
CPU Utilized: 00:00:00
CPU Efficiency: 0.00% of 00:00:00 core-walltime
Job Wall-clock time: 00:00:00
Memory Utilized: 1.62 MB
Memory Efficiency: 0.00% of 0.00 MB
-------------------------------------------------------------
       JobID  User   State    CPUTime Exit     MaxRSS        NodeList  Partition                   ReqTRES              Submit               Start                 End    Elapsed 
------------ ----- ------- ---------- ---- ---------- --------------- ---------- ------------------------- ------------------- ------------------- ------------------- ---------- 
11709517     gugl+ COMPLE+   00:00:00  0:0                  sumner020                                      2021-11-15T15:26:19 2021-11-15T15:26:21 2021-11-15T15:26:21   00:00:00 
11709517.ba+       COMPLE+   00:00:01  0:0      1.62M       sumner020                                      2021-11-15T15:26:20 2021-11-15T15:26:20 2021-11-15T15:26:21   00:00:01 
11709517.ex+       COMPLE+   00:00:01  0:0      0.34M       sumner020                                      2021-11-15T15:26:20 2021-11-15T15:26:20 2021-11-15T15:26:21   00:00:01 
-------------------------------------------------------------
